<?xml version="1.0" encoding="UTF-8"?>
<!-- Generated by org.testng.reporters.JUnitReportReporter -->
<testsuite hostname="DESKTOP-9S2K46P" failures="0" tests="2" name="ParallBrowser.parallelbrowserTesting" time="45.749" errors="0" timestamp="2023-10-19T00:16:24 IST" skipped="0">
  <testcase classname="ParallBrowser.parallelbrowserTesting" name="secondExecution" time="23.184"/>
  <system-out/>
  <testcase classname="ParallBrowser.parallelbrowserTesting" name="firstExecution" time="22.565"/>
  <system-out/>
</testsuite> <!-- ParallBrowser.parallelbrowserTesting -->
